50
50
0.200000
0.200000
1
Partlines[1]2258
9.900 9.900
9.900 9.700
9.900 9.500
9.900 9.300
9.900 9.100
9.900 8.900
9.900 8.700
9.900 8.500
9.900 8.300
9.900 8.100
9.900 7.900
9.900 7.700
9.900 7.500
9.900 7.300
9.900 7.100
9.900 6.900
9.900 6.700
9.900 6.500
9.900 6.300
9.900 6.100
9.900 5.900
9.900 5.700
9.900 5.500
9.900 5.300
9.900 5.100
9.900 4.900
9.900 4.700
9.900 4.500
9.900 4.300
9.900 4.100
9.900 3.900
9.900 3.700
9.900 3.500
9.900 3.300
9.900 3.100
9.900 2.900
9.900 2.700
9.900 2.500
9.900 2.300
9.900 2.100
9.900 1.900
9.900 1.700
9.900 1.500
9.900 1.300
9.900 1.100
9.900 0.900
9.900 0.700
9.900 0.500
9.900 0.300
9.900 0.100
9.700 9.900
9.700 9.700
9.700 9.500
9.700 9.300
9.700 9.100
9.700 8.900
9.700 8.700
9.700 8.500
9.700 8.300
9.700 8.100
9.700 7.900
9.700 7.700
9.700 7.500
9.700 7.300
9.700 7.100
9.700 6.900
9.700 6.700
9.700 6.500
9.700 6.300
9.700 6.100
9.700 5.900
9.700 5.700
9.700 5.500
9.700 5.300
9.700 5.100
9.700 4.900
9.700 4.700
9.700 4.500
9.700 4.300
9.700 4.100
9.700 3.900
9.700 3.700
9.700 3.500
9.700 3.300
9.700 3.100
9.700 2.900
9.700 2.700
9.700 2.500
9.700 2.300
9.700 2.100
9.700 1.900
9.700 1.700
9.700 1.500
9.700 1.300
9.700 1.100
9.700 0.900
9.700 0.700
9.700 0.500
9.700 0.300
9.700 0.100
9.500 9.900
9.500 9.700
9.500 9.500
9.500 9.300
9.500 9.100
9.500 8.900
9.500 8.700
9.500 8.500
9.500 8.300
9.500 8.100
9.500 7.900
9.500 7.700
9.500 7.500
9.500 7.300
9.500 7.100
9.500 6.900
9.500 6.700
9.500 6.500
9.500 6.300
9.500 6.100
9.500 5.900
9.500 5.700
9.500 5.500
9.500 5.300
9.500 5.100
9.500 4.900
9.500 4.700
9.500 4.500
9.500 4.300
9.500 4.100
9.500 3.900
9.500 3.700
9.500 3.500
9.500 3.300
9.500 3.100
9.500 2.900
9.500 2.700
9.500 2.500
9.500 2.300
9.500 2.100
9.500 1.900
9.500 1.700
9.500 1.500
9.500 1.300
9.500 1.100
9.500 0.900
9.500 0.700
9.500 0.500
9.500 0.300
9.500 0.100
9.300 9.900
9.300 9.700
9.300 9.500
9.300 9.300
9.300 9.100
9.300 8.900
9.300 8.700
9.300 8.500
9.300 8.300
9.300 8.100
9.300 7.900
9.300 7.700
9.300 7.500
9.300 7.300
9.300 7.100
9.300 6.900
9.300 6.700
9.300 6.500
9.300 6.300
9.300 6.100
9.300 5.900
9.300 5.700
9.300 5.500
9.300 5.300
9.300 5.100
9.300 4.900
9.300 4.700
9.300 4.500
9.300 4.300
9.300 4.100
9.300 3.900
9.300 3.700
9.300 3.500
9.300 3.300
9.300 3.100
9.300 2.900
9.300 2.700
9.300 2.500
9.300 2.300
9.300 2.100
9.300 1.900
9.300 1.700
9.300 1.500
9.300 1.300
9.300 1.100
9.300 0.900
9.300 0.700
9.300 0.500
9.300 0.300
9.300 0.100
9.100 9.900
9.100 9.700
9.100 9.500
9.100 9.300
9.100 9.100
9.100 8.900
9.100 8.700
9.100 8.500
9.100 8.300
9.100 8.100
9.100 7.900
9.100 7.700
9.100 7.500
9.100 7.300
9.100 7.100
9.100 6.900
9.100 6.700
9.100 6.500
9.100 6.300
9.100 6.100
9.100 5.900
9.100 5.700
9.100 5.500
9.100 5.300
9.100 5.100
9.100 4.900
9.100 4.700
9.100 4.500
9.100 4.300
9.100 4.100
9.100 3.900
9.100 3.700
9.100 3.500
9.100 3.300
9.100 3.100
9.100 2.900
9.100 2.700
9.100 2.500
9.100 2.300
9.100 2.100
9.100 1.900
9.100 1.700
9.100 1.500
9.100 1.300
9.100 1.100
9.100 0.900
9.100 0.700
9.100 0.500
9.100 0.300
9.100 0.100
8.900 9.900
8.900 9.700
8.900 9.500
8.900 9.300
8.900 9.100
8.900 8.900
8.900 8.700
8.900 8.500
8.900 8.300
8.900 8.100
8.900 7.900
8.900 7.700
8.900 7.500
8.900 7.300
8.900 7.100
8.900 6.900
8.900 6.700
8.900 6.500
8.900 6.300
8.900 6.100
8.900 5.900
8.900 5.700
8.900 5.500
8.900 5.300
8.900 5.100
8.900 4.900
8.900 4.700
8.900 4.500
8.900 4.300
8.900 4.100
8.900 3.900
8.900 3.700
8.900 3.500
8.900 3.300
8.900 3.100
8.900 2.900
8.900 2.700
8.900 2.500
8.900 2.300
8.900 2.100
8.900 1.900
8.900 1.700
8.900 1.500
8.900 1.300
8.900 1.100
8.900 0.900
8.900 0.700
8.900 0.500
8.900 0.300
8.900 0.100
8.700 9.900
8.700 9.700
8.700 9.500
8.700 9.300
8.700 9.100
8.700 8.900
8.700 8.700
8.700 8.500
8.700 8.300
8.700 8.100
8.700 7.900
8.700 7.700
8.700 7.500
8.700 7.300
8.700 7.100
8.700 6.900
8.700 6.700
8.700 6.500
8.700 6.300
8.700 6.100
8.700 5.900
8.700 5.700
8.700 5.500
8.700 5.300
8.700 5.100
8.700 4.900
8.700 4.700
8.700 4.500
8.700 4.300
8.700 4.100
8.700 3.900
8.700 3.700
8.700 3.500
8.700 3.300
8.700 3.100
8.700 2.900
8.700 2.700
8.700 2.500
8.700 2.300
8.700 2.100
8.700 1.900
8.700 1.700
8.700 1.500
8.700 1.300
8.700 1.100
8.700 0.900
8.700 0.700
8.700 0.500
8.700 0.300
8.700 0.100
8.500 9.900
8.500 9.700
8.500 9.500
8.500 9.300
8.500 9.100
8.500 8.900
8.500 8.700
8.500 8.500
8.500 8.300
8.500 8.100
8.500 7.900
8.500 7.700
8.500 7.500
8.500 7.300
8.500 7.100
8.500 6.900
8.500 6.700
8.500 6.500
8.500 6.300
8.500 6.100
8.500 5.900
8.500 5.700
8.500 5.500
8.500 5.300
8.500 5.100
8.500 4.900
8.500 4.700
8.500 4.500
8.500 4.300
8.500 4.100
8.500 3.900
8.500 3.700
8.500 3.500
8.500 3.300
8.500 3.100
8.500 2.900
8.500 2.700
8.500 2.500
8.500 2.300
8.500 2.100
8.500 1.900
8.500 1.700
8.500 1.500
8.500 1.300
8.500 1.100
8.500 0.900
8.500 0.700
8.500 0.500
8.500 0.300
8.500 0.100
8.300 9.900
8.300 9.700
8.300 9.500
8.300 9.300
8.300 9.100
8.300 8.900
8.300 8.700
8.300 8.500
8.300 8.300
8.300 8.100
8.300 7.900
8.300 7.700
8.300 7.500
8.300 7.300
8.300 7.100
8.300 6.900
8.300 6.700
8.300 6.500
8.300 6.300
8.300 6.100
8.300 5.900
8.300 5.700
8.300 5.500
8.300 5.300
8.300 5.100
8.300 4.900
8.300 4.700
8.300 4.500
8.300 4.300
8.300 4.100
8.300 3.900
8.300 3.700
8.300 3.500
8.300 3.300
8.300 3.100
8.300 2.900
8.300 2.700
8.300 2.500
8.300 2.300
8.300 2.100
8.300 1.900
8.300 1.700
8.300 1.500
8.300 1.300
8.300 1.100
8.300 0.900
8.300 0.700
8.300 0.500
8.300 0.300
8.300 0.100
8.100 9.900
8.100 9.700
8.100 9.500
8.100 9.300
8.100 9.100
8.100 8.900
8.100 8.700
8.100 8.500
8.100 8.300
8.100 8.100
8.100 7.900
8.100 7.700
8.100 7.500
8.100 7.300
8.100 7.100
8.100 6.900
8.100 6.700
8.100 6.500
8.100 6.300
8.100 6.100
8.100 5.900
8.100 5.700
8.100 5.500
8.100 5.300
8.100 5.100
8.100 4.900
8.100 4.700
8.100 4.500
8.100 4.300
8.100 4.100
8.100 3.900
8.100 3.700
8.100 3.500
8.100 3.300
8.100 3.100
8.100 2.900
8.100 2.700
8.100 2.500
8.100 2.300
8.100 2.100
8.100 1.900
8.100 1.700
8.100 1.500
8.100 1.300
8.100 1.100
8.100 0.900
8.100 0.700
8.100 0.500
8.100 0.300
8.100 0.100
7.900 9.900
7.900 9.700
7.900 9.500
7.900 9.300
7.900 9.100
7.900 8.900
7.900 8.700
7.900 8.500
7.900 8.300
7.900 8.100
7.900 7.900
7.900 7.700
7.900 7.500
7.900 7.300
7.900 7.100
7.900 6.900
7.900 6.700
7.900 6.500
7.900 6.300
7.900 6.100
7.900 5.900
7.900 5.700
7.900 5.500
7.900 5.300
7.900 5.100
7.900 4.900
7.900 4.700
7.900 4.500
7.900 4.300
7.900 4.100
7.900 3.900
7.900 3.700
7.900 3.500
7.900 3.300
7.900 3.100
7.900 2.900
7.900 2.700
7.900 2.500
7.900 2.300
7.900 2.100
7.900 1.900
7.900 1.700
7.900 1.500
7.900 1.300
7.900 1.100
7.900 0.900
7.900 0.700
7.900 0.500
7.900 0.300
7.900 0.100
7.700 9.900
7.700 9.700
7.700 9.500
7.700 9.300
7.700 9.100
7.700 8.900
7.700 8.700
7.700 8.500
7.700 8.300
7.700 8.100
7.700 7.900
7.700 7.700
7.700 7.500
7.700 7.300
7.700 7.100
7.700 6.900
7.700 6.700
7.700 6.500
7.700 6.300
7.700 6.100
7.700 5.900
7.700 5.700
7.700 5.500
7.700 5.300
7.700 5.100
7.700 4.900
7.700 4.700
7.700 4.500
7.700 4.300
7.700 4.100
7.700 3.900
7.700 3.700
7.700 3.500
7.700 3.300
7.700 3.100
7.700 2.900
7.700 2.700
7.700 2.500
7.700 2.300
7.700 2.100
7.700 1.900
7.700 1.700
7.700 1.500
7.700 1.300
7.700 1.100
7.700 0.900
7.700 0.700
7.700 0.500
7.700 0.300
7.700 0.100
7.500 9.900
7.500 9.700
7.500 9.500
7.500 9.300
7.500 9.100
7.500 8.900
7.500 8.700
7.500 8.500
7.500 8.300
7.500 8.100
7.500 7.900
7.500 7.700
7.500 7.500
7.500 7.300
7.500 7.100
7.500 6.900
7.500 6.700
7.500 6.500
7.500 6.300
7.500 6.100
7.500 5.900
7.500 5.700
7.500 5.500
7.500 5.300
7.500 5.100
7.500 4.900
7.500 4.700
7.500 4.500
7.500 4.300
7.500 4.100
7.500 3.900
7.500 3.700
7.500 3.500
7.500 3.300
7.500 3.100
7.500 2.900
7.500 2.700
7.500 2.500
7.500 2.300
7.500 2.100
7.500 1.900
7.500 1.700
7.500 1.500
7.500 1.300
7.500 1.100
7.500 0.900
7.500 0.700
7.500 0.500
7.500 0.300
7.500 0.100
7.300 9.900
7.300 9.700
7.300 9.500
7.300 9.300
7.300 9.100
7.300 8.900
7.300 8.700
7.300 8.500
7.300 8.300
7.300 8.100
7.300 7.900
7.300 7.700
7.300 7.500
7.300 7.300
7.300 7.100
7.300 6.900
7.300 6.700
7.300 6.500
7.300 6.300
7.300 6.100
7.300 5.900
7.300 5.700
7.300 5.500
7.300 5.300
7.300 5.100
7.300 4.900
7.300 4.700
7.300 4.500
7.300 4.300
7.300 4.100
7.300 3.900
7.300 3.700
7.300 3.500
7.300 3.300
7.300 3.100
7.300 2.900
7.300 2.700
7.300 2.500
7.300 2.300
7.300 2.100
7.300 1.900
7.300 1.700
7.300 1.500
7.300 1.300
7.300 1.100
7.100 9.900
7.100 9.700
7.100 9.500
7.100 9.300
7.100 9.100
7.100 8.900
7.100 8.700
7.100 8.500
7.100 8.300
7.100 8.100
7.100 7.900
7.100 7.700
7.100 7.500
7.100 7.300
7.100 7.100
7.100 6.900
7.100 6.700
7.100 6.500
7.100 6.300
7.100 6.100
7.100 5.900
7.100 5.700
7.100 5.500
7.100 5.300
7.100 5.100
7.100 4.900
7.100 4.700
7.100 4.500
7.100 4.300
7.100 4.100
7.100 3.900
7.100 3.700
7.100 3.500
7.100 3.300
7.100 3.100
7.100 2.900
7.100 2.700
7.100 2.500
7.100 2.300
7.100 2.100
7.100 1.900
7.100 1.700
7.100 1.500
6.900 9.900
6.900 9.700
6.900 9.500
6.900 9.300
6.900 9.100
6.900 8.900
6.900 8.700
6.900 8.500
6.900 8.300
6.900 8.100
6.900 7.900
6.900 7.700
6.900 7.500
6.900 7.300
6.900 7.100
6.900 6.900
6.900 6.700
6.900 6.500
6.900 6.300
6.900 6.100
6.900 5.900
6.900 5.700
6.900 5.500
6.900 5.300
6.900 5.100
6.900 4.900
6.900 4.700
6.900 4.500
6.900 4.300
6.900 4.100
6.900 3.900
6.900 3.700
6.900 3.500
6.900 3.300
6.900 3.100
6.900 2.900
6.900 2.700
6.900 2.500
6.900 2.300
6.900 2.100
6.900 1.900
6.900 1.700
6.700 9.900
6.700 9.700
6.700 9.500
6.700 9.300
6.700 9.100
6.700 8.900
6.700 8.700
6.700 8.500
6.700 8.300
6.700 8.100
6.700 7.900
6.700 7.700
6.700 7.500
6.700 7.300
6.700 7.100
6.700 6.900
6.700 6.700
6.700 6.500
6.700 6.300
6.700 6.100
6.700 5.900
6.700 5.700
6.700 5.500
6.700 5.300
6.700 5.100
6.700 4.900
6.700 4.700
6.700 4.500
6.700 4.300
6.700 4.100
6.700 3.900
6.700 3.700
6.700 3.500
6.700 3.300
6.700 3.100
6.700 2.900
6.700 2.700
6.700 2.500
6.700 2.300
6.700 2.100
6.700 1.900
6.500 9.900
6.500 9.700
6.500 9.500
6.500 9.300
6.500 9.100
6.500 8.900
6.500 8.700
6.500 8.500
6.500 8.300
6.500 8.100
6.500 7.900
6.500 7.700
6.500 7.500
6.500 7.300
6.500 7.100
6.500 6.900
6.500 6.700
6.500 6.500
6.500 6.300
6.500 6.100
6.500 5.900
6.500 5.700
6.500 5.500
6.500 5.300
6.500 5.100
6.500 4.900
6.500 4.700
6.500 4.500
6.500 4.300
6.500 4.100
6.500 3.900
6.500 3.700
6.500 3.500
6.500 3.300
6.500 3.100
6.500 2.900
6.500 2.700
6.500 2.500
6.500 2.300
6.500 2.100
6.300 9.900
6.300 9.700
6.300 9.500
6.300 9.300
6.300 9.100
6.300 8.900
6.300 8.700
6.300 8.500
6.300 8.300
6.300 8.100
6.300 7.900
6.300 7.700
6.300 7.500
6.300 7.300
6.300 7.100
6.300 6.900
6.300 6.700
6.300 6.500
6.300 6.300
6.300 6.100
6.300 5.900
6.300 5.700
6.300 5.500
6.300 5.300
6.300 5.100
6.300 4.900
6.300 4.700
6.300 4.500
6.300 4.300
6.300 4.100
6.300 3.900
6.300 3.700
6.300 3.500
6.300 3.300
6.300 3.100
6.300 2.900
6.300 2.700
6.300 2.500
6.300 2.300
6.100 9.900
6.100 9.700
6.100 9.500
6.100 9.300
6.100 9.100
6.100 8.900
6.100 8.700
6.100 8.500
6.100 8.300
6.100 8.100
6.100 7.900
6.100 7.700
6.100 7.500
6.100 7.300
6.100 7.100
6.100 6.900
6.100 6.700
6.100 6.500
6.100 6.300
6.100 6.100
6.100 5.900
6.100 5.700
6.100 5.500
6.100 5.300
6.100 5.100
6.100 4.900
6.100 4.700
6.100 4.500
6.100 4.300
6.100 4.100
6.100 3.900
6.100 3.700
6.100 3.500
6.100 3.300
6.100 3.100
6.100 2.900
6.100 2.700
6.100 2.500
6.100 2.300
5.900 9.900
5.900 9.700
5.900 9.500
5.900 9.300
5.900 9.100
5.900 8.900
5.900 8.700
5.900 8.500
5.900 8.300
5.900 8.100
5.900 7.900
5.900 7.700
5.900 7.500
5.900 7.300
5.900 7.100
5.900 6.900
5.900 6.700
5.900 6.500
5.900 6.300
5.900 6.100
5.900 5.900
5.900 5.700
5.900 5.500
5.900 5.300
5.900 5.100
5.900 4.900
5.900 4.700
5.900 4.500
5.900 4.300
5.900 4.100
5.900 3.900
5.900 3.700
5.900 3.500
5.900 3.300
5.900 3.100
5.900 2.900
5.900 2.700
5.900 2.500
5.700 9.900
5.700 9.700
5.700 9.500
5.700 9.300
5.700 9.100
5.700 8.900
5.700 8.700
5.700 8.500
5.700 8.300
5.700 8.100
5.700 7.900
5.700 7.700
5.700 7.500
5.700 7.300
5.700 7.100
5.700 6.900
5.700 6.700
5.700 6.500
5.700 6.300
5.700 6.100
5.700 5.900
5.700 5.700
5.700 5.500
5.700 5.300
5.700 5.100
5.700 4.900
5.700 4.700
5.700 4.500
5.700 4.300
5.700 4.100
5.700 3.900
5.700 3.700
5.700 3.500
5.700 3.300
5.700 3.100
5.700 2.900
5.700 2.700
5.700 2.500
5.500 9.900
5.500 9.700
5.500 9.500
5.500 9.300
5.500 9.100
5.500 8.900
5.500 8.700
5.500 8.500
5.500 8.300
5.500 8.100
5.500 7.900
5.500 7.700
5.500 7.500
5.500 7.300
5.500 7.100
5.500 6.900
5.500 6.700
5.500 6.500
5.500 6.300
5.500 6.100
5.500 5.900
5.500 5.700
5.500 5.500
5.500 5.300
5.500 5.100
5.500 4.900
5.500 4.700
5.500 4.500
5.500 4.300
5.500 4.100
5.500 3.900
5.500 3.700
5.500 3.500
5.500 3.300
5.500 3.100
5.500 2.900
5.500 2.700
5.500 2.500
5.300 9.900
5.300 9.700
5.300 9.500
5.300 9.300
5.300 9.100
5.300 8.900
5.300 8.700
5.300 8.500
5.300 8.300
5.300 8.100
5.300 7.900
5.300 7.700
5.300 7.500
5.300 7.300
5.300 7.100
5.300 6.900
5.300 6.700
5.300 6.500
5.300 6.300
5.300 6.100
5.300 5.900
5.300 5.700
5.300 5.500
5.300 5.300
5.300 5.100
5.300 4.900
5.300 4.700
5.300 4.500
5.300 4.300
5.300 4.100
5.300 3.900
5.300 3.700
5.300 3.500
5.300 3.300
5.300 3.100
5.300 2.900
5.300 2.700
5.300 2.500
5.100 9.900
5.100 9.700
5.100 9.500
5.100 9.300
5.100 9.100
5.100 8.900
5.100 8.700
5.100 8.500
5.100 8.300
5.100 8.100
5.100 7.900
5.100 7.700
5.100 7.500
5.100 7.300
5.100 7.100
5.100 6.900
5.100 6.700
5.100 6.500
5.100 6.300
5.100 6.100
5.100 5.900
5.100 5.700
5.100 5.500
5.100 5.300
5.100 5.100
5.100 4.900
5.100 4.700
5.100 4.500
5.100 4.300
5.100 4.100
5.100 3.900
5.100 3.700
5.100 3.500
5.100 3.300
5.100 3.100
5.100 2.900
5.100 2.700
5.100 2.500
4.900 9.900
4.900 9.700
4.900 9.500
4.900 9.300
4.900 9.100
4.900 8.900
4.900 8.700
4.900 8.500
4.900 8.300
4.900 8.100
4.900 7.900
4.900 7.700
4.900 7.500
4.900 7.300
4.900 7.100
4.900 6.900
4.900 6.700
4.900 6.500
4.900 6.300
4.900 6.100
4.900 5.900
4.900 5.700
4.900 5.500
4.900 5.300
4.900 5.100
4.900 4.900
4.900 4.700
4.900 4.500
4.900 4.300
4.900 4.100
4.900 3.900
4.900 3.700
4.900 3.500
4.900 3.300
4.900 3.100
4.900 2.900
4.900 2.700
4.900 2.500
4.700 9.900
4.700 9.700
4.700 9.500
4.700 9.300
4.700 9.100
4.700 8.900
4.700 8.700
4.700 8.500
4.700 8.300
4.700 8.100
4.700 7.900
4.700 7.700
4.700 7.500
4.700 7.300
4.700 7.100
4.700 6.900
4.700 6.700
4.700 6.500
4.700 6.300
4.700 6.100
4.700 5.900
4.700 5.700
4.700 5.500
4.700 5.300
4.700 5.100
4.700 4.900
4.700 4.700
4.700 4.500
4.700 4.300
4.700 4.100
4.700 3.900
4.700 3.700
4.700 3.500
4.700 3.300
4.700 3.100
4.700 2.900
4.700 2.700
4.700 2.500
4.500 9.900
4.500 9.700
4.500 9.500
4.500 9.300
4.500 9.100
4.500 8.900
4.500 8.700
4.500 8.500
4.500 8.300
4.500 8.100
4.500 7.900
4.500 7.700
4.500 7.500
4.500 7.300
4.500 7.100
4.500 6.900
4.500 6.700
4.500 6.500
4.500 6.300
4.500 6.100
4.500 5.900
4.500 5.700
4.500 5.500
4.500 5.300
4.500 5.100
4.500 4.900
4.500 4.700
4.500 4.500
4.500 4.300
4.500 4.100
4.500 3.900
4.500 3.700
4.500 3.500
4.500 3.300
4.500 3.100
4.500 2.900
4.500 2.700
4.500 2.500
4.300 9.900
4.300 9.700
4.300 9.500
4.300 9.300
4.300 9.100
4.300 8.900
4.300 8.700
4.300 8.500
4.300 8.300
4.300 8.100
4.300 7.900
4.300 7.700
4.300 7.500
4.300 7.300
4.300 7.100
4.300 6.900
4.300 6.700
4.300 6.500
4.300 6.300
4.300 6.100
4.300 5.900
4.300 5.700
4.300 5.500
4.300 5.300
4.300 5.100
4.300 4.900
4.300 4.700
4.300 4.500
4.300 4.300
4.300 4.100
4.300 3.900
4.300 3.700
4.300 3.500
4.300 3.300
4.300 3.100
4.300 2.900
4.300 2.700
4.300 2.500
4.100 9.900
4.100 9.700
4.100 9.500
4.100 9.300
4.100 9.100
4.100 8.900
4.100 8.700
4.100 8.500
4.100 8.300
4.100 8.100
4.100 7.900
4.100 7.700
4.100 7.500
4.100 7.300
4.100 7.100
4.100 6.900
4.100 6.700
4.100 6.500
4.100 6.300
4.100 6.100
4.100 5.900
4.100 5.700
4.100 5.500
4.100 5.300
4.100 5.100
4.100 4.900
4.100 4.700
4.100 4.500
4.100 4.300
4.100 4.100
4.100 3.900
4.100 3.700
4.100 3.500
4.100 3.300
4.100 3.100
4.100 2.900
4.100 2.700
4.100 2.500
3.900 9.900
3.900 9.700
3.900 9.500
3.900 9.300
3.900 9.100
3.900 8.900
3.900 8.700
3.900 8.500
3.900 8.300
3.900 8.100
3.900 7.900
3.900 7.700
3.900 7.500
3.900 7.300
3.900 7.100
3.900 6.900
3.900 6.700
3.900 6.500
3.900 6.300
3.900 6.100
3.900 5.900
3.900 5.700
3.900 5.500
3.900 5.300
3.900 5.100
3.900 4.900
3.900 4.700
3.900 4.500
3.900 4.300
3.900 4.100
3.900 3.900
3.900 3.700
3.900 3.500
3.900 3.300
3.900 3.100
3.900 2.900
3.900 2.700
3.900 2.500
3.900 2.300
3.700 9.900
3.700 9.700
3.700 9.500
3.700 9.300
3.700 9.100
3.700 8.900
3.700 8.700
3.700 8.500
3.700 8.300
3.700 8.100
3.700 7.900
3.700 7.700
3.700 7.500
3.700 7.300
3.700 7.100
3.700 6.900
3.700 6.700
3.700 6.500
3.700 6.300
3.700 6.100
3.700 5.900
3.700 5.700
3.700 5.500
3.700 5.300
3.700 5.100
3.700 4.900
3.700 4.700
3.700 4.500
3.700 4.300
3.700 4.100
3.700 3.900
3.700 3.700
3.700 3.500
3.700 3.300
3.700 3.100
3.700 2.900
3.700 2.700
3.700 2.500
3.700 2.300
3.500 9.900
3.500 9.700
3.500 9.500
3.500 9.300
3.500 9.100
3.500 8.900
3.500 8.700
3.500 8.500
3.500 8.300
3.500 8.100
3.500 7.900
3.500 7.700
3.500 7.500
3.500 7.300
3.500 7.100
3.500 6.900
3.500 6.700
3.500 6.500
3.500 6.300
3.500 6.100
3.500 5.900
3.500 5.700
3.500 5.500
3.500 5.300
3.500 5.100
3.500 4.900
3.500 4.700
3.500 4.500
3.500 4.300
3.500 4.100
3.500 3.900
3.500 3.700
3.500 3.500
3.500 3.300
3.500 3.100
3.500 2.900
3.500 2.700
3.500 2.500
3.500 2.300
3.500 2.100
3.300 9.900
3.300 9.700
3.300 9.500
3.300 9.300
3.300 9.100
3.300 8.900
3.300 8.700
3.300 8.500
3.300 8.300
3.300 8.100
3.300 7.900
3.300 7.700
3.300 7.500
3.300 7.300
3.300 7.100
3.300 6.900
3.300 6.700
3.300 6.500
3.300 6.300
3.300 6.100
3.300 5.900
3.300 5.700
3.300 5.500
3.300 5.300
3.300 5.100
3.300 4.900
3.300 4.700
3.300 4.500
3.300 4.300
3.300 4.100
3.300 3.900
3.300 3.700
3.300 3.500
3.300 3.300
3.300 3.100
3.300 2.900
3.300 2.700
3.300 2.500
3.300 2.300
3.300 2.100
3.300 1.900
3.100 9.900
3.100 9.700
3.100 9.500
3.100 9.300
3.100 9.100
3.100 8.900
3.100 8.700
3.100 8.500
3.100 8.300
3.100 8.100
3.100 7.900
3.100 7.700
3.100 7.500
3.100 7.300
3.100 7.100
3.100 6.900
3.100 6.700
3.100 6.500
3.100 6.300
3.100 6.100
3.100 5.900
3.100 5.700
3.100 5.500
3.100 5.300
3.100 5.100
3.100 4.900
3.100 4.700
3.100 4.500
3.100 4.300
3.100 4.100
3.100 3.900
3.100 3.700
3.100 3.500
3.100 3.300
3.100 3.100
3.100 2.900
3.100 2.700
3.100 2.500
3.100 2.300
3.100 2.100
3.100 1.900
3.100 1.700
2.900 9.900
2.900 9.700
2.900 9.500
2.900 9.300
2.900 9.100
2.900 8.900
2.900 8.700
2.900 8.500
2.900 8.300
2.900 8.100
2.900 7.900
2.900 7.700
2.900 7.500
2.900 7.300
2.900 7.100
2.900 6.900
2.900 6.700
2.900 6.500
2.900 6.300
2.900 6.100
2.900 5.900
2.900 5.700
2.900 5.500
2.900 5.300
2.900 5.100
2.900 4.900
2.900 4.700
2.900 4.500
2.900 4.300
2.900 4.100
2.900 3.900
2.900 3.700
2.900 3.500
2.900 3.300
2.900 3.100
2.900 2.900
2.900 2.700
2.900 2.500
2.900 2.300
2.900 2.100
2.900 1.900
2.900 1.700
2.900 1.500
2.700 9.900
2.700 9.700
2.700 9.500
2.700 9.300
2.700 9.100
2.700 8.900
2.700 8.700
2.700 8.500
2.700 8.300
2.700 8.100
2.700 7.900
2.700 7.700
2.700 7.500
2.700 7.300
2.700 7.100
2.700 6.900
2.700 6.700
2.700 6.500
2.700 6.300
2.700 6.100
2.700 5.900
2.700 5.700
2.700 5.500
2.700 5.300
2.700 5.100
2.700 4.900
2.700 4.700
2.700 4.500
2.700 4.300
2.700 4.100
2.700 3.900
2.700 3.700
2.700 3.500
2.700 3.300
2.700 3.100
2.700 2.900
2.700 2.700
2.700 2.500
2.700 2.300
2.700 2.100
2.700 1.900
2.700 1.700
2.700 1.500
2.700 1.300
2.700 1.100
2.500 9.900
2.500 9.700
2.500 9.500
2.500 9.300
2.500 9.100
2.500 8.900
2.500 8.700
2.500 8.500
2.500 8.300
2.500 8.100
2.500 7.900
2.500 7.700
2.500 7.500
2.500 7.300
2.500 7.100
2.500 6.900
2.500 6.700
2.500 6.500
2.500 6.300
2.500 6.100
2.500 5.900
2.500 5.700
2.500 5.500
2.500 5.300
2.500 5.100
2.500 4.900
2.500 4.700
2.500 4.500
2.500 4.300
2.500 4.100
2.500 3.900
2.500 3.700
2.500 3.500
2.500 3.300
2.500 3.100
2.500 2.900
2.500 2.700
2.500 2.500
2.500 2.300
2.500 2.100
2.500 1.900
2.500 1.700
2.500 1.500
2.500 1.300
2.500 1.100
2.500 0.900
2.500 0.700
2.500 0.500
2.500 0.300
2.500 0.100
2.300 9.900
2.300 9.700
2.300 9.500
2.300 9.300
2.300 9.100
2.300 8.900
2.300 8.700
2.300 8.500
2.300 8.300
2.300 8.100
2.300 7.900
2.300 7.700
2.300 7.500
2.300 7.300
2.300 7.100
2.300 6.900
2.300 6.700
2.300 6.500
2.300 6.300
2.300 6.100
2.300 5.900
2.300 5.700
2.300 5.500
2.300 5.300
2.300 5.100
2.300 4.900
2.300 4.700
2.300 4.500
2.300 4.300
2.300 4.100
2.300 3.900
2.300 3.700
2.300 3.500
2.300 3.300
2.300 3.100
2.300 2.900
2.300 2.700
2.300 2.500
2.300 2.300
2.300 2.100
2.300 1.900
2.300 1.700
2.300 1.500
2.300 1.300
2.300 1.100
2.300 0.900
2.300 0.700
2.300 0.500
2.300 0.300
2.300 0.100
2.100 9.900
2.100 9.700
2.100 9.500
2.100 9.300
2.100 9.100
2.100 8.900
2.100 8.700
2.100 8.500
2.100 8.300
2.100 8.100
2.100 7.900
2.100 7.700
2.100 7.500
2.100 7.300
2.100 7.100
2.100 6.900
2.100 6.700
2.100 6.500
2.100 6.300
2.100 6.100
2.100 5.900
2.100 5.700
2.100 5.500
2.100 5.300
2.100 5.100
2.100 4.900
2.100 4.700
2.100 4.500
2.100 4.300
2.100 4.100
2.100 3.900
2.100 3.700
2.100 3.500
2.100 3.300
2.100 3.100
2.100 2.900
2.100 2.700
2.100 2.500
2.100 2.300
2.100 2.100
2.100 1.900
2.100 1.700
2.100 1.500
2.100 1.300
2.100 1.100
2.100 0.900
2.100 0.700
2.100 0.500
2.100 0.300
2.100 0.100
1.900 9.900
1.900 9.700
1.900 9.500
1.900 9.300
1.900 9.100
1.900 8.900
1.900 8.700
1.900 8.500
1.900 8.300
1.900 8.100
1.900 7.900
1.900 7.700
1.900 7.500
1.900 7.300
1.900 7.100
1.900 6.900
1.900 6.700
1.900 6.500
1.900 6.300
1.900 6.100
1.900 5.900
1.900 5.700
1.900 5.500
1.900 5.300
1.900 5.100
1.900 4.900
1.900 4.700
1.900 4.500
1.900 4.300
1.900 4.100
1.900 3.900
1.900 3.700
1.900 3.500
1.900 3.300
1.900 3.100
1.900 2.900
1.900 2.700
1.900 2.500
1.900 2.300
1.900 2.100
1.900 1.900
1.900 1.700
1.900 1.500
1.900 1.300
1.900 1.100
1.900 0.900
1.900 0.700
1.900 0.500
1.900 0.300
1.900 0.100
1.700 9.900
1.700 9.700
1.700 9.500
1.700 9.300
1.700 9.100
1.700 8.900
1.700 8.700
1.700 8.500
1.700 8.300
1.700 8.100
1.700 7.900
1.700 7.700
1.700 7.500
1.700 7.300
1.700 7.100
1.700 6.900
1.700 6.700
1.700 6.500
1.700 6.300
1.700 6.100
1.700 5.900
1.700 5.700
1.700 5.500
1.700 5.300
1.700 5.100
1.700 4.900
1.700 4.700
1.700 4.500
1.700 4.300
1.700 4.100
1.700 3.900
1.700 3.700
1.700 3.500
1.700 3.300
1.700 3.100
1.700 2.900
1.700 2.700
1.700 2.500
1.700 2.300
1.700 2.100
1.700 1.900
1.700 1.700
1.700 1.500
1.700 1.300
1.700 1.100
1.700 0.900
1.700 0.700
1.700 0.500
1.700 0.300
1.700 0.100
1.500 9.900
1.500 9.700
1.500 9.500
1.500 9.300
1.500 9.100
1.500 8.900
1.500 8.700
1.500 8.500
1.500 8.300
1.500 8.100
1.500 7.900
1.500 7.700
1.500 7.500
1.500 7.300
1.500 7.100
1.500 6.900
1.500 6.700
1.500 6.500
1.500 6.300
1.500 6.100
1.500 5.900
1.500 5.700
1.500 5.500
1.500 5.300
1.500 5.100
1.500 4.900
1.500 4.700
1.500 4.500
1.500 4.300
1.500 4.100
1.500 3.900
1.500 3.700
1.500 3.500
1.500 3.300
1.500 3.100
1.500 2.900
1.500 2.700
1.500 2.500
1.500 2.300
1.500 2.100
1.500 1.900
1.500 1.700
1.500 1.500
1.500 1.300
1.500 1.100
1.500 0.900
1.500 0.700
1.500 0.500
1.500 0.300
1.500 0.100
1.300 9.900
1.300 9.700
1.300 9.500
1.300 9.300
1.300 9.100
1.300 8.900
1.300 8.700
1.300 8.500
1.300 8.300
1.300 8.100
1.300 7.900
1.300 7.700
1.300 7.500
1.300 7.300
1.300 7.100
1.300 6.900
1.300 6.700
1.300 6.500
1.300 6.300
1.300 6.100
1.300 5.900
1.300 5.700
1.300 5.500
1.300 5.300
1.300 5.100
1.300 4.900
1.300 4.700
1.300 4.500
1.300 4.300
1.300 4.100
1.300 3.900
1.300 3.700
1.300 3.500
1.300 3.300
1.300 3.100
1.300 2.900
1.300 2.700
1.300 2.500
1.300 2.300
1.300 2.100
1.300 1.900
1.300 1.700
1.300 1.500
1.300 1.300
1.300 1.100
1.300 0.900
1.300 0.700
1.300 0.500
1.300 0.300
1.300 0.100
1.100 9.900
1.100 9.700
1.100 9.500
1.100 9.300
1.100 9.100
1.100 8.900
1.100 8.700
1.100 8.500
1.100 8.300
1.100 8.100
1.100 7.900
1.100 7.700
1.100 7.500
1.100 7.300
1.100 7.100
1.100 6.900
1.100 6.700
1.100 6.500
1.100 6.300
1.100 6.100
1.100 5.900
1.100 5.700
1.100 5.500
1.100 5.300
1.100 5.100
1.100 4.900
1.100 4.700
1.100 4.500
1.100 4.300
1.100 4.100
1.100 3.900
1.100 3.700
1.100 3.500
1.100 3.300
1.100 3.100
1.100 2.900
1.100 2.700
1.100 2.500
1.100 2.300
1.100 2.100
1.100 1.900
1.100 1.700
1.100 1.500
1.100 1.300
1.100 1.100
1.100 0.900
1.100 0.700
1.100 0.500
1.100 0.300
1.100 0.100
0.900 9.900
0.900 9.700
0.900 9.500
0.900 9.300
0.900 9.100
0.900 8.900
0.900 8.700
0.900 8.500
0.900 8.300
0.900 8.100
0.900 7.900
0.900 7.700
0.900 7.500
0.900 7.300
0.900 7.100
0.900 6.900
0.900 6.700
0.900 6.500
0.900 6.300
0.900 6.100
0.900 5.900
0.900 5.700
0.900 5.500
0.900 5.300
0.900 5.100
0.900 4.900
0.900 4.700
0.900 4.500
0.900 4.300
0.900 4.100
0.900 3.900
0.900 3.700
0.900 3.500
0.900 3.300
0.900 3.100
0.900 2.900
0.900 2.700
0.900 2.500
0.900 2.300
0.900 2.100
0.900 1.900
0.900 1.700
0.900 1.500
0.900 1.300
0.900 1.100
0.900 0.900
0.900 0.700
0.900 0.500
0.900 0.300
0.900 0.100
0.700 9.900
0.700 9.700
0.700 9.500
0.700 9.300
0.700 9.100
0.700 8.900
0.700 8.700
0.700 8.500
0.700 8.300
0.700 8.100
0.700 7.900
0.700 7.700
0.700 7.500
0.700 7.300
0.700 7.100
0.700 6.900
0.700 6.700
0.700 6.500
0.700 6.300
0.700 6.100
0.700 5.900
0.700 5.700
0.700 5.500
0.700 5.300
0.700 5.100
0.700 4.900
0.700 4.700
0.700 4.500
0.700 4.300
0.700 4.100
0.700 3.900
0.700 3.700
0.700 3.500
0.700 3.300
0.700 3.100
0.700 2.900
0.700 2.700
0.700 2.500
0.700 2.300
0.700 2.100
0.700 1.900
0.700 1.700
0.700 1.500
0.700 1.300
0.700 1.100
0.700 0.900
0.700 0.700
0.700 0.500
0.700 0.300
0.700 0.100
0.500 9.900
0.500 9.700
0.500 9.500
0.500 9.300
0.500 9.100
0.500 8.900
0.500 8.700
0.500 8.500
0.500 8.300
0.500 8.100
0.500 7.900
0.500 7.700
0.500 7.500
0.500 7.300
0.500 7.100
0.500 6.900
0.500 6.700
0.500 6.500
0.500 6.300
0.500 6.100
0.500 5.900
0.500 5.700
0.500 5.500
0.500 5.300
0.500 5.100
0.500 4.900
0.500 4.700
0.500 4.500
0.500 4.300
0.500 4.100
0.500 3.900
0.500 3.700
0.500 3.500
0.500 3.300
0.500 3.100
0.500 2.900
0.500 2.700
0.500 2.500
0.500 2.300
0.500 2.100
0.500 1.900
0.500 1.700
0.500 1.500
0.500 1.300
0.500 1.100
0.500 0.900
0.500 0.700
0.500 0.500
0.500 0.300
0.500 0.100
0.300 9.900
0.300 9.700
0.300 9.500
0.300 9.300
0.300 9.100
0.300 8.900
0.300 8.700
0.300 8.500
0.300 8.300
0.300 8.100
0.300 7.900
0.300 7.700
0.300 7.500
0.300 7.300
0.300 7.100
0.300 6.900
0.300 6.700
0.300 6.500
0.300 6.300
0.300 6.100
0.300 5.900
0.300 5.700
0.300 5.500
0.300 5.300
0.300 5.100
0.300 4.900
0.300 4.700
0.300 4.500
0.300 4.300
0.300 4.100
0.300 3.900
0.300 3.700
0.300 3.500
0.300 3.300
0.300 3.100
0.300 2.900
0.300 2.700
0.300 2.500
0.300 2.300
0.300 2.100
0.300 1.900
0.300 1.700
0.300 1.500
0.300 1.300
0.300 1.100
0.300 0.900
0.300 0.700
0.300 0.500
0.300 0.300
0.300 0.100
0.100 9.900
0.100 9.700
0.100 9.500
0.100 9.300
0.100 9.100
0.100 8.900
0.100 8.700
0.100 8.500
0.100 8.300
0.100 8.100
0.100 7.900
0.100 7.700
0.100 7.500
0.100 7.300
0.100 7.100
0.100 6.900
0.100 6.700
0.100 6.500
0.100 6.300
0.100 6.100
0.100 5.900
0.100 5.700
0.100 5.500
0.100 5.300
0.100 5.100
0.100 4.900
0.100 4.700
0.100 4.500
0.100 4.300
0.100 4.100
0.100 3.900
0.100 3.700
0.100 3.500
0.100 3.300
0.100 3.100
0.100 2.900
0.100 2.700
0.100 2.500
0.100 2.300
0.100 2.100
0.100 1.900
0.100 1.700
0.100 1.500
0.100 1.300
0.100 1.100
0.100 0.900
0.100 0.700
0.100 0.500
0.100 0.300
0.100 0.100
